<?xml version="1.0" encoding="UTF-8"?>
<!-- Generated by org.testng.reporters.JUnitXMLReporter -->
<testsuite hostname="LAPTOP-I3V0BKGE" ignored="0" name="Test" tests="3" failures="0" timestamp="11 Nov 2019 07:59:53 GMT" time="0.297" errors="0">
  <testcase name="TestCase1" time="0.249" classname="testngexamples.TestNGExample1"/>
  <testcase name="TestCase2" time="0.0" classname="testngexamples.TestNGExample1"/>
  <testcase name="TestNGClass2Method1" time="0.0" classname="testngexamples.TestNGExample2"/>
</testsuite> <!-- Test -->
